CMake Error at C:/Espressif/tools/cmake/3.30.2/share/cmake-3.30/Modules/CMakeTestCCompiler.cmake:67 (message):
  The C compiler

    "C:/Espressif/tools/esp-clang/15.0.0-23786128ae/esp-clang/bin/clang.exe"

  is not able to compile a simple test program.

  It fails with the following output:

    Change Dir: 'D:/Year2/Lab10-Microcontroller/Week-10-Microcontroller-applications/67030183/build/CMakeFiles/CMakeScratch/TryCompile-t7ww88'
    
    Run Build Command(s): C:/Espressif/tools/ninja/1.12.1/ninja.exe -v cmTC_f6de0
    [1/2] C:\Espressif\tools\esp-clang\15.0.0-23786128ae\esp-clang\bin\clang.exe    -MD -MT CMakeFiles/cmTC_f6de0.dir/testCCompiler.c.obj -MF CMakeFiles\cmTC_f6de0.dir\testCCompiler.c.obj.d -o CMakeFiles/cmTC_f6de0.dir/testCCompiler.c.obj -c D:/Year2/Lab10-Microcontroller/Week-10-Microcontroller-applications/67030183/build/CMakeFiles/CMakeScratch/TryCompile-t7ww88/testCCompiler.c
    [2/2] C:\WINDOWS\system32\cmd.exe /C "cd . && C:\Espressif\tools\esp-clang\15.0.0-23786128ae\esp-clang\bin\clang.exe   CMakeFiles/cmTC_f6de0.dir/testCCompiler.c.obj -o cmTC_f6de0.exe -Wl,--out-implib,libcmTC_f6de0.dll.a -Wl,--major-image-version,0,--minor-image-version,0  -lkernel32 -luser32 -lgdi32 -lwinspool -lshell32 -lole32 -loleaut32 -luuid -lcomdlg32 -ladvapi32 && cd ."
    FAILED: cmTC_f6de0.exe 
    C:\WINDOWS\system32\cmd.exe /C "cd . && C:\Espressif\tools\esp-clang\15.0.0-23786128ae\esp-clang\bin\clang.exe   CMakeFiles/cmTC_f6de0.dir/testCCompiler.c.obj -o cmTC_f6de0.exe -Wl,--out-implib,libcmTC_f6de0.dll.a -Wl,--major-image-version,0,--minor-image-version,0  -lkernel32 -luser32 -lgdi32 -lwinspool -lshell32 -lole32 -loleaut32 -luuid -lcomdlg32 -ladvapi32 && cd ."
    lld: error: unable to find library -lkernel32
    lld: error: unable to find library -luser32
    lld: error: unable to find library -lgdi32
    lld: error: unable to find library -lwinspool
    lld: error: unable to find library -lshell32
    lld: error: unable to find library -lole32
    lld: error: unable to find library -loleaut32
    lld: error: unable to find library -luuid
    lld: error: unable to find library -lcomdlg32
    lld: error: unable to find library -ladvapi32
    lld: error: unable to find library -lmingw32
    lld: error: unable to find library -lunwind
    lld: error: unable to find library -lmoldname
    lld: error: unable to find library -lmingwex
    lld: error: unable to find library -lmsvcrt
    lld: error: unable to find library -ladvapi32
    lld: error: unable to find library -lshell32
    lld: error: unable to find library -luser32
    lld: error: unable to find library -lkernel32
    lld: error: unable to find library -lmingw32
    lld: error: too many errors emitted, stopping now
    clang: error: linker command failed with exit code 1 (use -v to see invocation)
    ninja: build stopped: subcommand failed.
    
    

  

  CMake will not be able to correctly generate this project.
Call Stack (most recent call first):
  CMakeLists.txt:2 (project)


